<?xml version="1.0" encoding="UTF-8"?>
<!-- Generated by org.testng.reporters.JUnitReportReporter -->
<testsuite hostname="LAPTOP-VLQIA0J0" failures="0" tests="1" name="tests.AmazonBuyProductTest" time="13.374" errors="0" timestamp="2025-04-29T23:02:29 IST" skipped="0">
  <testcase classname="tests.AmazonBuyProductTest" name="buyProductTest" time="13.374"/>
</testsuite> <!-- tests.AmazonBuyProductTest -->
