<?xml version="1.0" encoding="UTF-8"?>
<!-- Generated by org.testng.reporters.JUnitReportReporter -->
<testsuite hostname="LAPTOP-VLQIA0J0" failures="0" tests="1" name="tests.LoginTests" time="16.678" errors="0" timestamp="2025-04-24T10:15:09 IST" skipped="0">
  <testcase classname="tests.LoginTests" name="testValidLogin" time="16.678"/>
</testsuite> <!-- tests.LoginTests -->
