<?xml version="1.0" encoding="UTF-8"?>
<!-- Generated by org.testng.reporters.JUnitReportReporter -->
<testsuite hostname="LAPTOP-VLQIA0J0" failures="0" tests="1" name="tests.AmazonBuyProductTest" time="9.383" errors="0" timestamp="2025-04-28T14:08:21 IST" skipped="0">
  <testcase classname="tests.AmazonBuyProductTest" name="buyProductTest" time="9.383"/>
</testsuite> <!-- tests.AmazonBuyProductTest -->
